  ConsoleApplication1.cpp
D:\ConsoleApplication1\ConsoleApplication1\ConsoleApplication1.cpp(24,17): warning C4566: character represented by universal-character-name '\u1EC3' cannot be represented in the current code page (1252)
D:\ConsoleApplication1\ConsoleApplication1\ConsoleApplication1.cpp(24,17): warning C4566: character represented by universal-character-name '\u1ED1' cannot be represented in the current code page (1252)
D:\ConsoleApplication1\ConsoleApplication1\ConsoleApplication1.cpp(27,17): warning C4566: character represented by universal-character-name '\u1ECD' cannot be represented in the current code page (1252)
D:\ConsoleApplication1\ConsoleApplication1\ConsoleApplication1.cpp(27,17): warning C4566: character represented by universal-character-name '\u1EE9' cannot be represented in the current code page (1252)
D:\ConsoleApplication1\ConsoleApplication1\ConsoleApplication1.cpp(27,17): warning C4566: character represented by universal-character-name '\u0103' cannot be represented in the current code page (1252)
D:\ConsoleApplication1\ConsoleApplication1\ConsoleApplication1.cpp(33,21): warning C4566: character represented by universal-character-name '\u1EAD' cannot be represented in the current code page (1252)
D:\ConsoleApplication1\ConsoleApplication1\ConsoleApplication1.cpp(33,21): warning C4566: character represented by universal-character-name '\u1ED1' cannot be represented in the current code page (1252)
D:\ConsoleApplication1\ConsoleApplication1\ConsoleApplication1.cpp(33,21): warning C4566: character represented by universal-character-name '\u01B0' cannot be represented in the current code page (1252)
D:\ConsoleApplication1\ConsoleApplication1\ConsoleApplication1.cpp(33,21): warning C4566: character represented by universal-character-name '\u01A1' cannot be represented in the current code page (1252)
D:\ConsoleApplication1\ConsoleApplication1\ConsoleApplication1.cpp(36,35): warning C4566: character represented by universal-character-name '\u1ED1' cannot be represented in the current code page (1252)
D:\ConsoleApplication1\ConsoleApplication1\ConsoleApplication1.cpp(39,35): warning C4566: character represented by universal-character-name '\u1EA3' cannot be represented in the current code page (1252)
D:\ConsoleApplication1\ConsoleApplication1\ConsoleApplication1.cpp(39,35): warning C4566: character represented by universal-character-name '\u1ED1' cannot be represented in the current code page (1252)
D:\ConsoleApplication1\ConsoleApplication1\ConsoleApplication1.cpp(46,21): warning C4566: character represented by universal-character-name '\u1EA3' cannot be represented in the current code page (1252)
D:\ConsoleApplication1\ConsoleApplication1\ConsoleApplication1.cpp(46,21): warning C4566: character represented by universal-character-name '\u01A1' cannot be represented in the current code page (1252)
D:\ConsoleApplication1\ConsoleApplication1\ConsoleApplication1.cpp(46,21): warning C4566: character represented by universal-character-name '\u1EA1' cannot be represented in the current code page (1252)
D:\ConsoleApplication1\ConsoleApplication1\ConsoleApplication1.cpp(46,21): warning C4566: character represented by universal-character-name '\u0111' cannot be represented in the current code page (1252)
D:\ConsoleApplication1\ConsoleApplication1\ConsoleApplication1.cpp(46,21): warning C4566: character represented by universal-character-name '\u1EED' cannot be represented in the current code page (1252)
D:\ConsoleApplication1\ConsoleApplication1\ConsoleApplication1.cpp(46,21): warning C4566: character represented by universal-character-name '\u1EE5' cannot be represented in the current code page (1252)
D:\ConsoleApplication1\ConsoleApplication1\ConsoleApplication1.cpp(46,21): warning C4566: character represented by universal-character-name '\u01B0' cannot be represented in the current code page (1252)
D:\ConsoleApplication1\ConsoleApplication1\ConsoleApplication1.cpp(50,21): warning C4566: character represented by universal-character-name '\u1EF1' cannot be represented in the current code page (1252)
D:\ConsoleApplication1\ConsoleApplication1\ConsoleApplication1.cpp(50,21): warning C4566: character represented by universal-character-name '\u1ECD' cannot be represented in the current code page (1252)
D:\ConsoleApplication1\ConsoleApplication1\ConsoleApplication1.cpp(50,21): warning C4566: character represented by universal-character-name '\u1EE3' cannot be represented in the current code page (1252)
D:\ConsoleApplication1\ConsoleApplication1\ConsoleApplication1.cpp(50,21): warning C4566: character represented by universal-character-name '\u1EC7' cannot be represented in the current code page (1252)
D:\ConsoleApplication1\ConsoleApplication1\ConsoleApplication1.cpp(50,21): warning C4566: character represented by universal-character-name '\u1EA1' cannot be represented in the current code page (1252)
D:\ConsoleApplication1\ConsoleApplication1\ConsoleApplication1.cpp(19,25): warning C4101: 'year': unreferenced local variable
  ConsoleApplication1.vcxproj -> D:\ConsoleApplication1\Debug\ConsoleApplication1.exe
